<?xml version="1.0" encoding="UTF-8"?>
<testsuite xmlns:xsi="http://www.w3.org/2001/XMLSchema-instance" xsi:noNamespaceSchemaLocation="https://maven.apache.org/surefire/maven-surefire-plugin/xsd/surefire-test-report.xsd" name="MathOperationsTest" time="0.047" tests="10" errors="0" skipped="0" failures="0">
  <properties>
[...]
</properties>
  <testcase name="testDivideByZero" classname="MathOperationsTest" time="0.024"/>
  <testcase name="testAdd" classname="MathOperationsTest" time="0"/>
  <testcase name="testSubtract" classname="MathOperationsTest" time="0"/>
  <testcase name="testFactorial" classname="MathOperationsTest" time="0"/>
  <testcase name="testNegativeNumber" classname="MathOperationsTest" time="0.001"/>
  <testcase name="testDivide" classname="MathOperationsTest" time="0.001"/>
  <testcase name="testMultiply" classname="MathOperationsTest" time="0.001"/>
  <testcase name="testIsEven" classname="MathOperationsTest" time="0.001"/>
  <testcase name="testIsPrime" classname="MathOperationsTest" time="0.001"/>
  <testcase name="testFactorialOfZero" classname="MathOperationsTest" time="0"/>
</testsuite>